GNU gdb (Ubuntu 10.2-0ubuntu1~20.04~1) 10.2
Copyright (C) 2021 Free Software Foundation, Inc.
License GPLv3+: GNU GPL version 3 or later <http://gnu.org/licenses/gpl.html>
This is free software: you are free to change and redistribute it.
There is NO WARRANTY, to the extent permitted by law.
Type "show copying" and "show warranty" for details.
This GDB was configured as "x86_64-linux-gnu".
Type "show configuration" for configuration details.
For bug reporting instructions, please see:
<https://www.gnu.org/software/gdb/bugs/>.
Find the GDB manual and other documentation resources online at:
    <http://www.gnu.org/software/gdb/documentation/>.

For help, type "help".
Type "apropos word" to search for commands related to "word".
(No debugging symbols found in /usr/bin/python3.8)
[Thread debugging using libthread_db enabled]
Using host libthread_db library "/lib/x86_64-linux-gnu/libthread_db.so.1".
(No debugging symbols found in /lib/x86_64-linux-gnu/libexpat.so.1)
(No debugging symbols found in /usr/local/lib/libz.so.1)
(No debugging symbols found in /lib/x86_64-linux-gnu/libstdc++.so.6)
(No debugging symbols found in /lib/x86_64-linux-gnu/libgcc_s.so.1)
(No debugging symbols found in /usr/lib/python3.8/lib-dynload/_bz2.cpython-38-x86_64-linux-gnu.so)
(No debugging symbols found in /lib/x86_64-linux-gnu/libbz2.so.1.0)
(No debugging symbols found in /usr/lib/python3.8/lib-dynload/_lzma.cpython-38-x86_64-linux-gnu.so)
(No debugging symbols found in /lib/x86_64-linux-gnu/liblzma.so.5)
(No debugging symbols found in /usr/lib/python3.8/lib-dynload/_opcode.cpython-38-x86_64-linux-gnu.so)
(No debugging symbols found in /usr/lib/python3.8/lib-dynload/_json.cpython-38-x86_64-linux-gnu.so)
(No debugging symbols found in /home/cryptothesis/.local/lib/python3.8/site-packages/numpy/core/_multiarray_umath.cpython-38-x86_64-linux-gnu.so)
(No debugging symbols found in /home/cryptothesis/.local/lib/python3.8/site-packages/numpy/core/../../numpy.libs/libopenblas64_p-r0-2f7c42d4.3.18.so)
(No debugging symbols found in .gnu_debugdata for /home/cryptothesis/.local/lib/python3.8/site-packages/numpy/core/../../numpy.libs/libgfortran-040039e1.so.5.0.0)
(No debugging symbols found in /home/cryptothesis/.local/lib/python3.8/site-packages/numpy/core/../../numpy.libs/libquadmath-96973f99.so.0.0.0)
(No debugging symbols found in /home/cryptothesis/.local/lib/python3.8/site-packages/numpy/core/_multiarray_tests.cpython-38-x86_64-linux-gnu.so)
(No debugging symbols found in /usr/lib/python3.8/lib-dynload/_ctypes.cpython-38-x86_64-linux-gnu.so)
(No debugging symbols found in /lib/x86_64-linux-gnu/libffi.so.7)
(No debugging symbols found in /home/cryptothesis/.local/lib/python3.8/site-packages/numpy/linalg/_umath_linalg.cpython-38-x86_64-linux-gnu.so)
(No debugging symbols found in /home/cryptothesis/.local/lib/python3.8/site-packages/numpy/fft/_pocketfft_internal.cpython-38-x86_64-linux-gnu.so)
(No debugging symbols found in /home/cryptothesis/.local/lib/python3.8/site-packages/numpy/random/mtrand.cpython-38-x86_64-linux-gnu.so)
(No debugging symbols found in /home/cryptothesis/.local/lib/python3.8/site-packages/numpy/random/bit_generator.cpython-38-x86_64-linux-gnu.so)
(No debugging symbols found in /home/cryptothesis/.local/lib/python3.8/site-packages/numpy/random/_common.cpython-38-x86_64-linux-gnu.so)
(No debugging symbols found in /usr/lib/python3.8/lib-dynload/_hashlib.cpython-38-x86_64-linux-gnu.so)
(No debugging symbols found in /lib/x86_64-linux-gnu/libcrypto.so.1.1)
(No debugging symbols found in /home/cryptothesis/.local/lib/python3.8/site-packages/numpy/random/_bounded_integers.cpython-38-x86_64-linux-gnu.so)
(No debugging symbols found in /home/cryptothesis/.local/lib/python3.8/site-packages/numpy/random/_mt19937.cpython-38-x86_64-linux-gnu.so)
(No debugging symbols found in /home/cryptothesis/.local/lib/python3.8/site-packages/numpy/random/_philox.cpython-38-x86_64-linux-gnu.so)
(No debugging symbols found in /home/cryptothesis/.local/lib/python3.8/site-packages/numpy/random/_pcg64.cpython-38-x86_64-linux-gnu.so)
(No debugging symbols found in /home/cryptothesis/.local/lib/python3.8/site-packages/numpy/random/_sfc64.cpython-38-x86_64-linux-gnu.so)
(No debugging symbols found in /home/cryptothesis/.local/lib/python3.8/site-packages/numpy/random/_generator.cpython-38-x86_64-linux-gnu.so)
(No debugging symbols found in /usr/local/lib/libgmp.so.10)
(No debugging symbols found in /usr/local/lib/libfplll.so.8)
(No debugging symbols found in /lib/x86_64-linux-gnu/libqd.so.0)
(No debugging symbols found in /lib/x86_64-linux-gnu/libmpfr.so.6)
(No debugging symbols found in /home/cryptothesis/.local/lib/python3.8/site-packages/scipy/_lib/_ccallback_c.cpython-38-x86_64-linux-gnu.so)
(No debugging symbols found in /home/cryptothesis/.local/lib/python3.8/site-packages/scipy/special/_ufuncs.cpython-38-x86_64-linux-gnu.so)
(No debugging symbols found in /home/cryptothesis/.local/lib/python3.8/site-packages/scipy/special/../../scipy.libs/libopenblasp-r0-085ca80a.3.9.so)
(No debugging symbols found in /home/cryptothesis/.local/lib/python3.8/site-packages/scipy/special/../../scipy.libs/libgfortran-ed201abd.so.3.0.0)
(No debugging symbols found in /home/cryptothesis/.local/lib/python3.8/site-packages/scipy/special/_ufuncs_cxx.cpython-38-x86_64-linux-gnu.so)
(No debugging symbols found in /home/cryptothesis/.local/lib/python3.8/site-packages/scipy/special/specfun.cpython-38-x86_64-linux-gnu.so)
(No debugging symbols found in /home/cryptothesis/.local/lib/python3.8/site-packages/scipy/linalg/_fblas.cpython-38-x86_64-linux-gnu.so)
(No debugging symbols found in /home/cryptothesis/.local/lib/python3.8/site-packages/scipy/linalg/_flapack.cpython-38-x86_64-linux-gnu.so)
(No debugging symbols found in /home/cryptothesis/.local/lib/python3.8/site-packages/scipy/linalg/_flinalg.cpython-38-x86_64-linux-gnu.so)
(No debugging symbols found in /home/cryptothesis/.local/lib/python3.8/site-packages/scipy/linalg/_solve_toeplitz.cpython-38-x86_64-linux-gnu.so)
(No debugging symbols found in /home/cryptothesis/.local/lib/python3.8/site-packages/scipy/linalg/_matfuncs_sqrtm_triu.cpython-38-x86_64-linux-gnu.so)
(No debugging symbols found in /home/cryptothesis/.local/lib/python3.8/site-packages/scipy/linalg/_decomp_update.cpython-38-x86_64-linux-gnu.so)
(No debugging symbols found in /home/cryptothesis/.local/lib/python3.8/site-packages/scipy/linalg/cython_blas.cpython-38-x86_64-linux-gnu.so)
(No debugging symbols found in /home/cryptothesis/.local/lib/python3.8/site-packages/scipy/linalg/cython_lapack.cpython-38-x86_64-linux-gnu.so)
(No debugging symbols found in /home/cryptothesis/.local/lib/python3.8/site-packages/scipy/sparse/_sparsetools.cpython-38-x86_64-linux-gnu.so)
(No debugging symbols found in /home/cryptothesis/.local/lib/python3.8/site-packages/scipy/sparse/_csparsetools.cpython-38-x86_64-linux-gnu.so)
(No debugging symbols found in /home/cryptothesis/.local/lib/python3.8/site-packages/scipy/sparse/csgraph/_shortest_path.cpython-38-x86_64-linux-gnu.so)
(No debugging symbols found in /home/cryptothesis/.local/lib/python3.8/site-packages/scipy/sparse/csgraph/_tools.cpython-38-x86_64-linux-gnu.so)
(No debugging symbols found in /home/cryptothesis/.local/lib/python3.8/site-packages/scipy/sparse/csgraph/_traversal.cpython-38-x86_64-linux-gnu.so)
(No debugging symbols found in /home/cryptothesis/.local/lib/python3.8/site-packages/scipy/sparse/csgraph/_min_spanning_tree.cpython-38-x86_64-linux-gnu.so)
(No debugging symbols found in /home/cryptothesis/.local/lib/python3.8/site-packages/scipy/sparse/csgraph/_flow.cpython-38-x86_64-linux-gnu.so)
(No debugging symbols found in /home/cryptothesis/.local/lib/python3.8/site-packages/scipy/sparse/csgraph/_matching.cpython-38-x86_64-linux-gnu.so)
(No debugging symbols found in /home/cryptothesis/.local/lib/python3.8/site-packages/scipy/sparse/csgraph/_reordering.cpython-38-x86_64-linux-gnu.so)
(No debugging symbols found in /home/cryptothesis/.local/lib/python3.8/site-packages/scipy/special/_comb.cpython-38-x86_64-linux-gnu.so)
(No debugging symbols found in /home/cryptothesis/.local/lib/python3.8/site-packages/scipy/special/_ellip_harm_2.cpython-38-x86_64-linux-gnu.so)
(No debugging symbols found in /usr/lib/python3.8/lib-dynload/_ssl.cpython-38-x86_64-linux-gnu.so)
(No debugging symbols found in /lib/x86_64-linux-gnu/libssl.so.1.1)
(No debugging symbols found in /usr/lib/python3.8/lib-dynload/_queue.cpython-38-x86_64-linux-gnu.so)
(No debugging symbols found in /usr/lib/python3.8/lib-dynload/_decimal.cpython-38-x86_64-linux-gnu.so)
(No debugging symbols found in /lib/x86_64-linux-gnu/libmpdec.so.2)
(No debugging symbols found in /usr/lib/python3/dist-packages/simplejson/_speedups.cpython-38-x86_64-linux-gnu.so)
(No debugging symbols found in /usr/local/lib/python3.8/dist-packages/gmpy2/../gmpy2.libs/libmpfr-48becd64.so.6.1.0)
(No debugging symbols found in /usr/local/lib/python3.8/dist-packages/gmpy2/../gmpy2.libs/libgmp-7a47c32b.so.10.4.1)
0x00007f24355a1c7f in __GI___wait4 (pid=3697671, stat_loc=stat_loc@entry=0x0, 
    options=options@entry=0, usage=usage@entry=0x0)
    at ../sysdeps/unix/sysv/linux/wait4.c:27

Stack backtrace
---------------
    stat_loc=stat_loc@entry=0x0, options=options@entry=0, 
    usage=usage@entry=0x0) at ../sysdeps/unix/sysv/linux/wait4.c:27
        resultvar = 18446744073709551104
        sc_cancel_oldtype = 0
        sc_ret = <optimized out>
#1  0x00007f24355a1bfb in __GI___waitpid (pid=<optimized out>, 
    stat_loc=stat_loc@entry=0x0, options=options@entry=0) at waitpid.c:38
No locals.
#2  0x00007f2430a97e74 in print_enhanced_backtrace ()
    at build/src/cysignals/implementation.c:579
        parent_pid = 3693385
        pid = <optimized out>
#3  0x00007f2430a97fb6 in sigdie (sig=sig@entry=6, 
    s=s@entry=0x7f2430aa1ab8 "Unhandled SIGABRT: An abort() occurred.")
    at build/src/cysignals/implementation.c:605
No locals.
#4  0x00007f2430a9a655 in sigdie_for_sig (inside=0, sig=6)
    at build/src/cysignals/implementation.c:175
No locals.
#5  cysigs_signal_handler (sig=6) at build/src/cysignals/implementation.c:278
        inside = <optimized out>
#6  <signal handler called>
No locals.
#7  __GI_raise (sig=sig@entry=6) at ../sysdeps/unix/sysv/linux/raise.c:50
        set = {__val = {0, 51539607553, 140725215067456, 3, 4294967296, 
            139792595550208, 7233170478761014387, 109330211561823, 0, 0, 0, 0, 
            140725215068888, 140725215068896, 0, 140725215074168}}
        pid = <optimized out>
        tid = <optimized out>
        ret = <optimized out>
#8  0x00007f24354e1859 in __GI_abort () at abort.c:79
        save_stage = 1
        act = {__sigaction_handler = {
            sa_handler = 0x7f24356ac5c0 <_IO_2_1_stderr_>, 
            sa_sigaction = 0x7f24356ac5c0 <_IO_2_1_stderr_>}, sa_mask = {
            __val = {139793491740096, 1, 139793491740227, 3432, 
              139793490311505, 14, 10, 139793491740096, 139793487845184, 
              139793476477984, 0, 100997771447664, 139793490312851, 10, 
              139793491740096, 139793487845184}}, sa_flags = 878203268, 
          sa_restorer = 0x7f243469d1a2}
        sigs = {__val = {32, 0 <repeats 15 times>}}
#9  0x00007f2434573ee6 in ?? () from /lib/x86_64-linux-gnu/libstdc++.so.6
No symbol table info available.
#10 0x00007f2434585f8c in ?? () from /lib/x86_64-linux-gnu/libstdc++.so.6
No symbol table info available.
#11 0x00007f2434585ff7 in std::terminate() ()
   from /lib/x86_64-linux-gnu/libstdc++.so.6
No symbol table info available.
#12 0x00007f2434586258 in __cxa_throw ()
   from /lib/x86_64-linux-gnu/libstdc++.so.6
No symbol table info available.
#13 0x00007f24345739ba in ?? () from /lib/x86_64-linux-gnu/libstdc++.so.6
No symbol table info available.
#14 0x00007f2433e76c4a in Siever::reserve(unsigned long) ()
   from /home/cryptothesis/summer/slicer-comparison/cvp_g6k_cpu_solver/g6k/siever.cpython-38-x86_64-linux-gnu.so
No symbol table info available.
#15 0x00007f2433ecd91a in Siever::set_params(SieverParams const&) ()
   from /home/cryptothesis/summer/slicer-comparison/cvp_g6k_cpu_solver/g6k/siever.cpython-38-x86_64-linux-gnu.so
No symbol table info available.
#16 0x00007f2433e10a61 in __pyx_pf_3g6k_6siever_6Siever_6params_2__set__ (
    __pyx_v_self=0x7f2308d64b80, __pyx_v_self=0x7f2308d64b80, 
    __pyx_v_params=0x7f2308db1310) at g6k/siever.cpp:6180
        __pyx_frame = 0x0
        __pyx_t_4 = 0x0
        __pyx_v_k = <optimized out>
        __pyx_r = <optimized out>
        __Pyx_use_tracing = <optimized out>
        __pyx_t_1 = <optimized out>
        __pyx_t_5 = 0x0
        __pyx_lineno = 0
        __pyx_L1_error = <optimized out>
        __pyx_t_2 = 0x0
        __pyx_t_6 = 0x0
        __pyx_t_3 = <optimized out>
        __pyx_t_7 = 0x0
        __pyx_filename = 0x0
        __pyx_clineno = 0
        __pyx_L0 = <optimized out>
        __pyx_L1_error = <optimized out>
        __pyx_v_k = <optimized out>
        __pyx_r = <optimized out>
        __pyx_frame_code = 0x0
        __pyx_frame = <optimized out>
        __Pyx_use_tracing = <optimized out>
        __pyx_t_1 = <optimized out>
        __pyx_t_2 = <optimized out>
        __pyx_t_3 = <optimized out>
        __pyx_t_4 = <optimized out>
        __pyx_t_5 = <optimized out>
        __pyx_t_6 = <optimized out>
        __pyx_t_7 = <optimized out>
        __pyx_lineno = <optimized out>
        __pyx_filename = <optimized out>
        __pyx_clineno = <optimized out>
        tstate = <optimized out>
        state = <optimized out>
        tstate = <optimized out>
        exc_type = <optimized out>
        tmp = <optimized out>
        __pyx_dict_version = 0
        __pyx_dict_cached_value = 0x0
        function = <optimized out>
        tmp = <optimized out>
        function = <optimized out>
        tmp = <optimized out>
        tstate = <optimized out>
        state = <optimized out>
        tstate = <optimized out>
#17 __pyx_pw_3g6k_6siever_6Siever_6params_3__set__ (
    __pyx_v_params=0x7f2308db1310, __pyx_v_self=0x7f2308d64b80)
    at g6k/siever.cpp:6032
        __pyx_L0 = <optimized out>
        __pyx_lineno = 0
        __pyx_filename = 0x0
        __pyx_clineno = 0
        __pyx_r = <optimized out>
        __pyx_L0 = <optimized out>
        __pyx_L1_error = <optimized out>
        __pyx_lineno = <optimized out>
        __pyx_filename = <optimized out>
        __pyx_clineno = <optimized out>
        __pyx_r = <optimized out>
#18 __pyx_setprop_3g6k_6siever_6Siever_params (o=0x7f2308d64b80, 
    v=0x7f2308db1310, x=<optimized out>) at g6k/siever.cpp:47537
No locals.
#19 0x0000000000501f7b in ?? ()
No symbol table info available.
#20 0x00000000005bd7ee in _PyObject_GenericSetAttrWithDict ()
No symbol table info available.
#21 0x00007f243477d703 in __Pyx_PyObject_SetAttrStr (value=0x7f2308db1310, 
    attr_name=<optimized out>, obj=<optimized out>)
    at g6k/siever_params.cpp:11003
        tp = 0x7f2433f06780 <__pyx_type_3g6k_6siever_Siever>
        tp = <optimized out>
#22 __pyx_gb_3g6k_13siever_params_2generator (__pyx_generator=0x7f2308d97d60, 
    __pyx_tstate=<optimized out>, __pyx_sent_value=<optimized out>)
    at g6k/siever_params.cpp:2662
        __pyx_L1_error = <optimized out>
        __pyx_cur_scope = 0x7f2308d74d40
        __pyx_r = 0x0
        __pyx_frame_code = 0x7f24348d9f50
        __pyx_frame = 0x0
        __Pyx_use_tracing = <optimized out>
        __pyx_t_1 = 0x0
        __pyx_t_2 = 0x0
        __pyx_t_3 = 0x0
        __pyx_lineno = 0
        __pyx_filename = 0x0
        __pyx_clineno = 0
        tstate = <optimized out>
        state = <optimized out>
        tstate = <optimized out>
        state = <optimized out>
        tstate = <optimized out>
        state = <optimized out>
        tstate = <optimized out>
        state = <optimized out>
#23 0x00007f24347746cb in __Pyx_Coroutine_SendEx (self=0x7f2308d97d60, 
    value=0x90ba10 <_Py_NoneStruct>, closing=<optimized out>)
    at g6k/siever_params.cpp:14867
        __pyx_tstate = 0x2893a9f0
        tstate = 0x2893a9f0
        exc_state = 0x7f2308d97d80
        retval = <optimized out>
#24 0x00000000004f5033 in ?? ()
No symbol table info available.
#25 0x00000000005c4220 in ?? ()
No symbol table info available.
#26 0x000000000056b175 in _PyEval_EvalFrameDefault ()
No symbol table info available.
#27 0x00000000005f5c76 in _PyFunction_Vectorcall ()
No symbol table info available.
#28 0x000000000050a99c in ?? ()
No symbol table info available.
#29 0x000000000056cc20 in _PyEval_EvalFrameDefault ()
No symbol table info available.
#30 0x000000000056946a in _PyEval_EvalCodeWithName ()
No symbol table info available.
#31 0x00000000005f5e53 in _PyFunction_Vectorcall ()
No symbol table info available.
#32 0x000000000056b175 in _PyEval_EvalFrameDefault ()
No symbol table info available.
#33 0x000000000056946a in _PyEval_EvalCodeWithName ()
No symbol table info available.
#34 0x00000000005f5e53 in _PyFunction_Vectorcall ()
No symbol table info available.
#35 0x000000000056c34b in _PyEval_EvalFrameDefault ()
No symbol table info available.
#36 0x000000000056946a in _PyEval_EvalCodeWithName ()
No symbol table info available.
#37 0x00000000005f5e53 in _PyFunction_Vectorcall ()
No symbol table info available.
#38 0x000000000056c34b in _PyEval_EvalFrameDefault ()
No symbol table info available.
#39 0x000000000056946a in _PyEval_EvalCodeWithName ()
No symbol table info available.
#40 0x00000000005f5e53 in _PyFunction_Vectorcall ()
No symbol table info available.
#41 0x000000000056c34b in _PyEval_EvalFrameDefault ()
No symbol table info available.
#42 0x000000000056946a in _PyEval_EvalCodeWithName ()
No symbol table info available.
#43 0x000000000068ce77 in PyEval_EvalCode ()
No symbol table info available.
#44 0x000000000067e211 in ?? ()
No symbol table info available.
#45 0x000000000067e28f in ?? ()
No symbol table info available.
#46 0x000000000067e331 in ?? ()
No symbol table info available.
#47 0x000000000067e6d7 in PyRun_SimpleFileExFlags ()
No symbol table info available.
#48 0x00000000006b6d42 in Py_RunMain ()
No symbol table info available.
#49 0x00000000006b70cd in Py_BytesMain ()
No symbol table info available.
#50 0x00007f24354e3083 in __libc_start_main (main=0x4eead0 <main>, argc=13, 
    argv=0x7ffd247497c8, init=<optimized out>, fini=<optimized out>, 
    rtld_fini=<optimized out>, stack_end=0x7ffd247497b8)
    at ../csu/libc-start.c:308
        self = <optimized out>
        result = <optimized out>
        unwind_buf = {cancel_jmp_buf = {{jmp_buf = {7041248, 
                -1017497897583290124, 6269968, 140725215074240, 0, 0, 
                1016502780805208308, 1128562451403069684}, 
              mask_was_saved = 0}}, priv = {pad = {0x0, 0x0, 0xd, 
              0x7ffd247497c8}, data = {prev = 0x0, cleanup = 0x0, 
              canceltype = 13}}}
        not_first_call = <optimized out>
#51 0x00000000005fac3e in _start ()
No symbol table info available.
>>>>>>>>>>>>>>>>>>>>>>>>>>>>>>>>>>>>>>>>>>>>>>>>>>>>>>>>>>>>>>>>>>>


Cython backtrace
----------------
#0  0x00007f24355a1c20 in __GI___wait4 () at /build/glibc-B3wQXB/glibc-2.31/posix/../sysdeps/unix/sysv/linux/wait4.c:27
#1  0x00007f24355a1bf0 in __GI___waitpid () at /build/glibc-B3wQXB/glibc-2.31/posix/waitpid.c:38
#2  0x00007f2430a97e00 in print_enhanced_backtrace () at /tmp/pip-install-ig8fe3u2/cysignals/build/src/cysignals/implementation.c:579
#3  0x00007f2430a97f40 in sigdie () at /tmp/pip-install-ig8fe3u2/cysignals/build/src/cysignals/implementation.c:605
#4  0x00007f2430a9a442 in sigdie_for_sig () at /tmp/pip-install-ig8fe3u2/cysignals/build/src/cysignals/implementation.c:175
#5  0x00007f2430a9a420 in cysigs_signal_handler () at /tmp/pip-install-ig8fe3u2/cysignals/build/src/cysignals/implementation.c:278
#6  0x00007f24356f33e0 in __restore_rt ()
#7  0x00007f2435501f40 in __GI_raise () at /build/glibc-B3wQXB/glibc-2.31/signal/../sysdeps/unix/sysv/linux/raise.c:50
#8  0x00007f24354e172e in __GI_abort () at /build/glibc-B3wQXB/glibc-2.31/stdlib/abort.c:79
#9  0x0000000000000000 in ?? ()
#10 0x0000000000000000 in ?? ()
#11 0x0000000000000000 in std::terminate() ()
#12 0x00007f2434586210 in __cxa_throw ()
#13 0x0000000000000000 in ?? ()
#14 0x0000000000000000 in Siever::reserve(unsigned long) ()
#15 0x0000000000000000 in Siever::set_params(SieverParams const&) ()
#16 0x00007f2433e10750 in __pyx_pf_3g6k_6siever_6Siever_6params_2__set__ () at /home/cryptothesis/summer/slicer-comparison/cvp_g6k_cpu_solver/g6k/siever.cpp:6180
  6175     *         self._core.set_params(self._params._core)             # <<<<<<<<<<<<<<
  6176     *         self._params.set_read_only()
  6177     *
  6178     */
  6179      __Pyx_TraceLine(165,0,__PYX_ERR(0, 165, __pyx_L1_error))
> 6180      (void)(__pyx_v_self->_core->set_params(__pyx_v_self->_params->_core));
  6181    
  6182      /* "g6k/siever.pyx":166
  6183     *         self._params = params
  6184     *         self._core.set_params(self._params._core)
#17 0x00007f2433e10730 in __pyx_pw_3g6k_6siever_6Siever_6params_3__set__ () at /home/cryptothesis/summer/slicer-comparison/cvp_g6k_cpu_solver/g6k/siever.cpp:6032
  6027      int __pyx_clineno = 0;
  6028      int __pyx_r;
  6029      __Pyx_RefNannyDeclarations
  6030      __Pyx_RefNannySetupContext("__set__ (wrapper)", 0);
  6031      if (unlikely(!__Pyx_ArgTypeTest(((PyObject *)__pyx_v_params), __pyx_ptype_3g6k_13siever_params_SieverParams, 1, "params", 0))) __PYX_ERR(0, 161, __pyx_L1_error)
> 6032      __pyx_r = __pyx_pf_3g6k_6siever_6Siever_6params_2__set__(((struct __pyx_obj_3g6k_6siever_Siever *)__pyx_v_self), ((struct __pyx_obj_3g6k_13siever_params_SieverParams *)__pyx_v_params));
  6033    
  6034      /* function exit code */
  6035      goto __pyx_L0;
  6036      __pyx_L1_error:;
#18 0x00007f2433e10700 in __pyx_setprop_3g6k_6siever_6Siever_params () at /home/cryptothesis/summer/slicer-comparison/cvp_g6k_cpu_solver/g6k/siever.cpp:47537
  47532      return __pyx_pw_3g6k_6siever_6Siever_6params_1__get__(o);
  47533    }
  47534    
  47535    static int __pyx_setprop_3g6k_6siever_6Siever_params(PyObject *o, PyObject *v, CYTHON_UNUSED void *x) {
  47536      if (v) {
> 47537        return __pyx_pw_3g6k_6siever_6Siever_6params_3__set__(o, v);
  47538      }
  47539      else {
  47540        PyErr_SetString(PyExc_NotImplementedError, "__del__");
  47541        return -1;
#19 0x0000000000000000 in ?? ()
#20 0x00000000005bd160 in _PyObject_GenericSetAttrWithDict ()
#21 0x00007f243477d6e1 in __Pyx_PyObject_SetAttrStr () at /home/cryptothesis/summer/slicer-comparison/cvp_g6k_cpu_solver/g6k/siever_params.cpp:11003
  10998    /* PyObjectSetAttrStr */
  10999    #if CYTHON_USE_TYPE_SLOTS
  11000    static CYTHON_INLINE int __Pyx_PyObject_SetAttrStr(PyObject* obj, PyObject* attr_name, PyObject* value) {
  11001        PyTypeObject* tp = Py_TYPE(obj);
  11002        if (likely(tp->tp_setattro))
> 11003            return tp->tp_setattro(obj, attr_name, value);
  11004    #if PY_MAJOR_VERSION < 3
  11005        if (likely(tp->tp_setattr))
  11006            return tp->tp_setattr(obj, PyString_AS_STRING(attr_name), value);
  11007    #endif
#22 0x00007f243477d470 in __pyx_gb_3g6k_13siever_params_2generator () at /home/cryptothesis/summer/slicer-comparison/cvp_g6k_cpu_solver/g6k/siever_params.cpp:2662
  2657     *     self.params = new_params             # <<<<<<<<<<<<<<
  2658     *     yield
  2659     *     self.params = old_params
  2660     */
  2661      __Pyx_TraceLine(34,0,__PYX_ERR(0, 34, __pyx_L1_error))
> 2662      if (__Pyx_PyObject_SetAttrStr(__pyx_cur_scope->__pyx_v_self, __pyx_n_s_params, __pyx_cur_scope->__pyx_v_new_params) < 0) __PYX_ERR(0, 34, __pyx_L1_error)
  2663    
  2664      /* "g6k/siever_params.pyx":35
  2665     *     new_params = self.params.new(**kwds)
  2666     *     self.params = new_params
#23 0x00007f2434774650 in __Pyx_Coroutine_SendEx () at /home/cryptothesis/summer/slicer-comparison/cvp_g6k_cpu_solver/g6k/siever_params.cpp:14867
  14862            __Pyx_Coroutine_ExceptionClear(exc_state);
  14863            __Pyx_ExceptionSave(&exc_state->exc_type, &exc_state->exc_value, &exc_state->exc_traceback);
  14864        }
  14865    #endif
  14866        self->is_running = 1;
> 14867        retval = self->body((PyObject *) self, tstate, value);
  14868        self->is_running = 0;
  14869    #if CYTHON_USE_EXC_INFO_STACK
  14870        exc_state = &self->gi_exc_state;
  14871        tstate->exc_info = exc_state->previous_item;
#24 0x0000000000000000 in ?? ()
#25 0x0000000000000000 in ?? ()
#26 0x000000000056aa50 in _PyEval_EvalFrameDefault ()
#27 0x00000000005f5ac0 in _PyFunction_Vectorcall ()
#28 0x0000000000000000 in ?? ()
#29 0x000000000056aa50 in _PyEval_EvalFrameDefault ()
#30 0x0000000000569200 in _PyEval_EvalCodeWithName ()
#31 0x00000000005f5ac0 in _PyFunction_Vectorcall ()
#32 0x000000000056aa50 in _PyEval_EvalFrameDefault ()
#33 0x0000000000569200 in _PyEval_EvalCodeWithName ()
#34 0x00000000005f5ac0 in _PyFunction_Vectorcall ()
#35 0x000000000056aa50 in _PyEval_EvalFrameDefault ()
#36 0x0000000000569200 in _PyEval_EvalCodeWithName ()
#37 0x00000000005f5ac0 in _PyFunction_Vectorcall ()
#38 0x000000000056aa50 in _PyEval_EvalFrameDefault ()
#39 0x0000000000569200 in _PyEval_EvalCodeWithName ()
#40 0x00000000005f5ac0 in _PyFunction_Vectorcall ()
#41 0x000000000056aa50 in _PyEval_EvalFrameDefault ()
#42 0x0000000000569200 in _PyEval_EvalCodeWithName ()
#43 0x000000000068ce50 in PyEval_EvalCode ()
#44 0x0000000000000000 in ?? ()
#45 0x0000000000000000 in ?? ()
#46 0x0000000000000000 in ?? ()
#47 0x000000000067e540 in PyRun_SimpleFileExFlags ()
#48 0x00000000006b6b30 in Py_RunMain ()
#49 0x00000000006b70a0 in Py_BytesMain ()
#50 0x00007f24354e2f90 in __libc_start_main () at /build/glibc-B3wQXB/glibc-2.31/csu/../csu/libc-start.c:308
#51 0x00000000005fac10 in _start ()

[Inferior 1 (process 3693385) detached]
27	../sysdeps/unix/sysv/linux/wait4.c: No such file or directory.
