dim        | index      | batch size      | sample times    | max sample times     | T_sieve (sec)   | T_slicer (sec)  | len_bound            | required len_bound | db_size         | satisfied vectors
60         | 1          | 1               | 16              | 140                  | 17.3424         | 5.1466          | 1.086                | 1.1             | 17919           | 1399           
60         | 2          | 1               | 41              | 140                  | 18.7021         | 4.791           | 1.042                | 1.1             | 17919           | 1399           
60         | 3          | 1               | 15              | 140                  | 18.2993         | 4.9351          | 1.093                | 1.1             | 17919           | 1399           
60         | 4          | 1               | 5               | 140                  | 19.1695         | 4.0832          | 1.067                | 1.1             | 17919           | 1399           
60         | 5          | 1               | 32              | 140                  | 17.4877         | 4.8866          | 1.096                | 1.1             | 17919           | 1399           
60         | 6          | 1               | 5               | 140                  | 14.8911         | 2.5348          | 1.097                | 1.1             | 17919           | 1399           
60         | 7          | 1               | 8               | 140                  | 7.6919          | 1.9254          | 1.091                | 1.1             | 17919           | 1399           
60         | 8          | 1               | 1               | 140                  | 7.5764          | 1.7345          | 1.092                | 1.1             | 17919           | 1399           
60         | 9          | 1               | 82              | 140                  | 12.3682         | 4.3967          | 1.073                | 1.1             | 17919           | 1399           
60         | 10         | 1               | 20              | 140                  | 14.468          | 4.9459          | 1.088                | 1.1             | 17919           | 1399           
65         | 1          | 1               | 19              | 140                  | 33.774          | 5.7377          | 1.09                 | 1.1             | 36784           | 2873           
65         | 2          | 1               | 24              | 140                  | 34.171          | 5.9742          | 1.088                | 1.1             | 36784           | 2873           
65         | 3          | 1               | 82              | 140                  | 34.3351         | 5.3412          | 1.092                | 1.1             | 36784           | 2873           
65         | 4          | 1               | 48              | 140                  | 21.2614         | 2.5052          | 1.087                | 1.1             | 36784           | 2873           
65         | 5          | 1               | 61              | 140                  | 16.2023         | 7.5664          | 1.095                | 1.1             | 36784           | 2873           
65         | 6          | 1               | 33              | 140                  | 35.0423         | 5.7205          | 1.061                | 1.1             | 36784           | 2873           
65         | 7          | 1               | 20              | 140                  | 34.6955         | 5.4309          | 1.089                | 1.1             | 36784           | 2873           
65         | 8          | 1               | 39              | 140                  | 36.7434         | 7.2609          | 1.089                | 1.1             | 36784           | 2873           
65         | 9          | 1               | 56              | 140                  | 34.519          | 7.2113          | 1.095                | 1.1             | 36784           | 2873           
65         | 10         | 1               | 33              | 140                  | 26.0913         | 7.0743          | 1.086                | 1.1             | 36784           | 2873           
70         | 1          | 1               | 85              | 140                  | 80.6441         | 11.7479         | 1.021                | 1.1             | 75511           | 5899           
70         | 2          | 1               | 56              | 140                  | 77.5831         | 10.0878         | 1.074                | 1.1             | 75511           | 5899           
70         | 3          | 1               | 137             | 140                  | 78.3724         | 14.5539         | 1.093                | 1.1             | 75511           | 5899           
70         | 4          | 1               | 13              | 140                  | 80.502          | 5.7632          | 1.08                 | 1.1             | 75511           | 5899           
70         | 5          | 1               | 63              | 140                  | 78.1665         | 10.15           | 1.082                | 1.1             | 75511           | 5899           
70         | 6          | 1               | 17              | 140                  | 82.5416         | 6.3782          | 1.089                | 1.1             | 75511           | 5899           
70         | 7          | 1               | 140             | 140                  | 78.6377         | 18.3827         | 1.101                | 1.1             | 75511           | 5899           
70         | 8          | 1               | 5               | 140                  | 72.2707         | 4.7311          | 1.098                | 1.1             | 75511           | 5899           
70         | 9          | 1               | 1               | 140                  | 74.6125         | 4.6752          | 1.064                | 1.1             | 75511           | 5899           
70         | 10         | 1               | 87              | 140                  | 75.8691         | 15.9759         | 1.086                | 1.1             | 75511           | 5899           
75         | 1          | 1               | 30              | 140                  | 187.6225        | 9.5857          | 1.091                | 1.1             | 155008          | 12109          
75         | 2          | 1               | 19              | 140                  | 210.6825        | 6.6529          | 1.067                | 1.1             | 155008          | 12109          
75         | 3          | 1               | 36              | 140                  | 216.6819        | 12.6746         | 1.047                | 1.1             | 155008          | 12109          
75         | 4          | 1               | 34              | 140                  | 204.8556        | 8.6865          | 1.087                | 1.1             | 155008          | 12109          
75         | 5          | 1               | 62              | 140                  | 189.087         | 16.0231         | 1.087                | 1.1             | 155008          | 12109          
75         | 6          | 1               | 8               | 140                  | 209.2883        | 4.8182          | 1.074                | 1.1             | 155008          | 12109          
75         | 7          | 1               | 74              | 140                  | 207.1916        | 15.7854         | 1.096                | 1.1             | 155008          | 12109          
75         | 8          | 1               | 97              | 140                  | 194.1592        | 18.4234         | 1.054                | 1.1             | 155008          | 12109          
75         | 9          | 1               | 75              | 140                  | 143.1266        | 16.114          | 1.094                | 1.1             | 155008          | 12109          
75         | 10         | 1               | 27              | 140                  | 197.9278        | 9.0135          | 1.098                | 1.1             | 155008          | 12109          
80         | 1          | 1               | 75              | 140                  | 458.5801        | 11.746          | 1.088                | 1.1             | 318200          | 24859          
80         | 2          | 1               | 32              | 140                  | 514.6151        | 13.1316         | 1.084                | 1.1             | 318200          | 24859          
80         | 3          | 1               | 140             | 140                  | 529.1613        | 34.226          | 1.101                | 1.1             | 318200          | 24859          
80         | 4          | 1               | 17              | 140                  | 475.4378        | 4.5269          | 1.09                 | 1.1             | 318200          | 24859          
80         | 5          | 1               | 5               | 140                  | 509.1382        | 3.7936          | 1.065                | 1.1             | 318200          | 24859          
80         | 6          | 1               | 109             | 140                  | 354.7285        | 13.682          | 1.079                | 1.1             | 318200          | 24859          
80         | 7          | 1               | 82              | 140                  | 379.3631        | 30.4654         | 1.098                | 1.1             | 318200          | 24859          
80         | 8          | 1               | 63              | 140                  | 626.3404        | 8.5625          | 1.071                | 1.1             | 318200          | 24859          
80         | 9          | 1               | 6               | 140                  | 563.8832        | 6.6988          | 1.07                 | 1.1             | 318200          | 24859          
80         | 10         | 1               | 140             | 140                  | 620.7974        | 39.8554         | 1.107                | 1.1             | 318200          | 24859          
85         | 1          | 1               | 50              | 140                  | 1836.399        | 27.655          | 1.076                | 1.1             | 653201          | 51031          
85         | 2          | 1               | 13              | 140                  | 1274.8434       | 5.8386          | 1.095                | 1.1             | 653201          | 51031          
85         | 3          | 1               | 80              | 140                  | 948.3431        | 19.7786         | 1.092                | 1.1             | 653201          | 51031          
85         | 4          | 1               | 129             | 140                  | 927.105         | 47.0581         | 1.063                | 1.1             | 653201          | 51031          
85         | 5          | 1               | 8               | 140                  | 1292.6939       | 8.1144          | 1.048                | 1.1             | 653201          | 51031          
85         | 6          | 1               | 23              | 140                  | 1601.71         | 12.9987         | 1.067                | 1.1             | 653201          | 51031          
85         | 7          | 1               | 140             | 140                  | 1601.9365       | 82.4556         | 1.116                | 1.1             | 653201          | 51031          
85         | 8          | 1               | 5               | 140                  | 2040.6896       | 3.1863          | 1.072                | 1.1             | 653201          | 51031          
85         | 9          | 1               | 140             | 140                  | 2031.4036       | 29.2426         | 1.105                | 1.1             | 653201          | 51031          
85         | 10         | 1               | 37              | 140                  | 1387.7928       | 9.3521          | 1.057                | 1.1             | 653201          | 51031          
90         | 1          | 1               | 1               | 140                  | 5208.2499       | 2.0252          | 1.093                | 1.1             | 1340890         | 104757         
90         | 2          | 1               | 4               | 140                  | 5106.5299       | 8.117           | 1.076                | 1.1             | 1340890         | 104757         
90         | 3          | 1               | 140             | 140                  | 4148.0083       | 159.1275        | 1.108                | 1.1             | 1340890         | 104757         
90         | 4          | 1               | 63              | 140                  | 4994.1173       | 36.1404         | 1.083                | 1.1             | 1340890         | 104757         
90         | 5          | 1               | 35              | 140                  | 4901.4169       | 18.6582         | 1.096                | 1.1             | 1340890         | 104757         
90         | 6          | 1               | 140             | 140                  | 4180.1086       | 108.4965        | 1.104                | 1.1             | 1340890         | 104757         
90         | 7          | 1               | 27              | 140                  | 4182.6332       | 11.8564         | 1.096                | 1.1             | 1340890         | 104757         
90         | 8          | 1               | 101             | 140                  | 3718.4966       | 53.6963         | 1.095                | 1.1             | 1340890         | 104757         
90         | 9          | 1               | 140             | 140                  | 3551.9603       | 133.1747        | 1.107                | 1.1             | 1340890         | 104757         
90         | 10         | 1               | 71              | 140                  | 4117.8291       | 62.9052         | 1.082                | 1.1             | 1340890         | 104757         
95         | 1          | 1               | 140             | 140                  | 19605.5084      | 302.609         | 1.102                | 1.1             | 2752581         | 215045         
95         | 2          | 1               | 111             | 140                  | 23421.1694      | 255.726         | 1.08                 | 1.1             | 2752581         | 215045         
95         | 3          | 1               | 122             | 140                  | 22319.8014      | 93.94           | 1.086                | 1.1             | 2752581         | 215045         
95         | 4          | 1               | 140             | 140                  | 16793.371       | 292.5551        | 1.121                | 1.1             | 2752581         | 215045         
95         | 5          | 1               | 45              | 140                  | 16958.7202      | 96.6614         | 1.081                | 1.1             | 2752581         | 215045         
95         | 6          | 1               | 13              | 140                  | 18477.2462      | 30.4568         | 1.087                | 1.1             | 2752581         | 215045         
95         | 7          | 1               | 140             | 140                  | 15585.0609      | 116.8593        | 1.106                | 1.1             | 2752581         | 215045         
95         | 8          | 1               | 44              | 140                  | 14868.7862      | 83.6758         | 1.1                  | 1.1             | 2752581         | 215045         
95         | 9          | 1               | 11              | 140                  | 16644.2741      | 14.66           | 1.083                | 1.1             | 2752581         | 215045         
95         | 10         | 1               | 1               | 140                  | 18014.1988      | 3.571           | 1.093                | 1.1             | 2752581         | 215045         
